<?xml version="1.0" encoding="UTF-8"?>
<!-- Generated by org.testng.reporters.JUnitReportReporter -->
<testsuite hostname="BAH5Q3C9J3" failures="0" tests="1" name="TestNG.DemoTestNG" time="5.403" errors="0" timestamp="2023-01-17T14:45:13 EST" skipped="0">
  <testcase classname="TestNG.DemoTestNG" name="gmailLogin" time="5.403"/>
  <system-out/>
</testsuite> <!-- TestNG.DemoTestNG -->
