<?xml version="1.0" encoding="UTF-8"?>
<!-- Generated by org.testng.reporters.JUnitReportReporter -->
<testsuite hostname="BAH5Q3C9J3" failures="0" tests="3" name="TestNG.SettingPriority" time="0.008" errors="0" timestamp="2022-12-09T10:23:14 EST" skipped="0">
  <testcase classname="TestNG.SettingPriority" name="method3" time="0.006"/>
  <system-out/>
  <testcase classname="TestNG.SettingPriority" name="method1" time="0.001"/>
  <system-out/>
  <testcase classname="TestNG.SettingPriority" name="method2" time="0.001"/>
  <system-out/>
</testsuite> <!-- TestNG.SettingPriority -->
